{"timestamp":"2025-09-01T23:52:37.916448","level":"info","event":"DAG bundles loaded: dags-folder, example_dags","logger":"airflow.dag_processing.bundles.manager.DagBundlesManager"}
{"timestamp":"2025-09-01T23:52:37.917051","level":"info","event":"Filling up the DagBag from /home/airflow/.local/lib/python3.12/site-packages/airflow/example_dags/tutorial.py","logger":"airflow.models.dagbag.DagBag"}
{"timestamp":"2025-09-01T23:52:37.987198Z","level":"info","event":"Task instance is in running state","chan":"stdout","logger":"task"}
{"timestamp":"2025-09-01T23:52:37.987518Z","level":"info","event":" Previous state of the Task instance: TaskInstanceState.QUEUED","chan":"stdout","logger":"task"}
{"timestamp":"2025-09-01T23:52:37.987764Z","level":"info","event":"Current task name:templated","chan":"stdout","logger":"task"}
{"timestamp":"2025-09-01T23:52:37.988056Z","level":"info","event":"Dag name:tutorial","chan":"stdout","logger":"task"}
{"timestamp":"2025-09-01T23:52:37.988127","level":"info","event":"Tmp dir root location: /tmp","logger":"airflow.task.hooks.airflow.providers.standard.hooks.subprocess.SubprocessHook"}
{"timestamp":"2025-09-01T23:52:37.989367","level":"info","event":"Running command: ['/usr/bin/bash', '-c', '\\n\\n    echo \"2025-09-01\"\\n    echo \"2025-09-08\"\\n\\n    echo \"2025-09-01\"\\n    echo \"2025-09-08\"\\n\\n    echo \"2025-09-01\"\\n    echo \"2025-09-08\"\\n\\n    echo \"2025-09-01\"\\n    echo \"2025-09-08\"\\n\\n    echo \"2025-09-01\"\\n    echo \"2025-09-08\"\\n']","logger":"airflow.task.hooks.airflow.providers.standard.hooks.subprocess.SubprocessHook"}
{"timestamp":"2025-09-01T23:52:38.001602","level":"info","event":"Output:","logger":"airflow.task.hooks.airflow.providers.standard.hooks.subprocess.SubprocessHook"}
{"timestamp":"2025-09-01T23:52:38.003564","level":"info","event":"2025-09-01","logger":"airflow.task.hooks.airflow.providers.standard.hooks.subprocess.SubprocessHook"}
{"timestamp":"2025-09-01T23:52:38.003702","level":"info","event":"2025-09-08","logger":"airflow.task.hooks.airflow.providers.standard.hooks.subprocess.SubprocessHook"}
{"timestamp":"2025-09-01T23:52:38.003777","level":"info","event":"2025-09-01","logger":"airflow.task.hooks.airflow.providers.standard.hooks.subprocess.SubprocessHook"}
{"timestamp":"2025-09-01T23:52:38.003839","level":"info","event":"2025-09-08","logger":"airflow.task.hooks.airflow.providers.standard.hooks.subprocess.SubprocessHook"}
{"timestamp":"2025-09-01T23:52:38.003897","level":"info","event":"2025-09-01","logger":"airflow.task.hooks.airflow.providers.standard.hooks.subprocess.SubprocessHook"}
{"timestamp":"2025-09-01T23:52:38.003953","level":"info","event":"2025-09-08","logger":"airflow.task.hooks.airflow.providers.standard.hooks.subprocess.SubprocessHook"}
{"timestamp":"2025-09-01T23:52:38.004071","level":"info","event":"2025-09-01","logger":"airflow.task.hooks.airflow.providers.standard.hooks.subprocess.SubprocessHook"}
{"timestamp":"2025-09-01T23:52:38.004138","level":"info","event":"2025-09-08","logger":"airflow.task.hooks.airflow.providers.standard.hooks.subprocess.SubprocessHook"}
{"timestamp":"2025-09-01T23:52:38.004193","level":"info","event":"2025-09-01","logger":"airflow.task.hooks.airflow.providers.standard.hooks.subprocess.SubprocessHook"}
{"timestamp":"2025-09-01T23:52:38.004255","level":"info","event":"2025-09-08","logger":"airflow.task.hooks.airflow.providers.standard.hooks.subprocess.SubprocessHook"}
{"timestamp":"2025-09-01T23:52:38.004387","level":"info","event":"Command exited with return code 0","logger":"airflow.task.hooks.airflow.providers.standard.hooks.subprocess.SubprocessHook"}
{"timestamp":"2025-09-01T23:52:38.004981","level":"info","event":"Pushing xcom","ti":"RuntimeTaskInstance(id=UUID('019907b2-65a9-70a7-8f8e-12708b279adc'), task_id='templated', dag_id='tutorial', run_id='scheduled__2025-09-01T23:52:27.029125+00:00', try_number=1, map_index=-1, hostname='b27e74638fed', context_carrier={}, task=<Task(BashOperator): templated>, bundle_instance=LocalDagBundle(name=example_dags), max_tries=1, start_date=datetime.datetime(2025, 9, 1, 23, 52, 37, 361199, tzinfo=datetime.timezone.utc), end_date=None, state=<TaskInstanceState.RUNNING: 'running'>, is_mapped=False, rendered_map_index=None, log_url='http://localhost:8080/dags/tutorial/runs/scheduled__2025-09-01T23%3A52%3A27.029125%2B00%3A00/tasks/templated?try_number=1')","logger":"task"}
{"timestamp":"2025-09-01T23:52:38.034646Z","level":"info","event":"Task instance in success state","chan":"stdout","logger":"task"}
{"timestamp":"2025-09-01T23:52:38.034968Z","level":"info","event":" Previous state of the Task instance: TaskInstanceState.RUNNING","chan":"stdout","logger":"task"}
{"timestamp":"2025-09-01T23:52:38.035333Z","level":"info","event":"Task operator:<Task(BashOperator): templated>","chan":"stdout","logger":"task"}
