{"timestamp":"2025-09-01T23:52:39.032472","level":"info","event":"DAG bundles loaded: dags-folder, example_dags","logger":"airflow.dag_processing.bundles.manager.DagBundlesManager"}
{"timestamp":"2025-09-01T23:52:39.033035","level":"info","event":"Filling up the DagBag from /home/airflow/.local/lib/python3.12/site-packages/airflow/example_dags/tutorial.py","logger":"airflow.models.dagbag.DagBag"}
{"timestamp":"2025-09-01T23:52:39.069332Z","level":"info","event":"Task instance is in running state","chan":"stdout","logger":"task"}
{"timestamp":"2025-09-01T23:52:39.070107Z","level":"info","event":" Previous state of the Task instance: TaskInstanceState.QUEUED","chan":"stdout","logger":"task"}
{"timestamp":"2025-09-01T23:52:39.071336Z","level":"info","event":"Current task name:templated","chan":"stdout","logger":"task"}
{"timestamp":"2025-09-01T23:52:39.071840Z","level":"info","event":"Dag name:tutorial","chan":"stdout","logger":"task"}
{"timestamp":"2025-09-01T23:52:39.070296","level":"info","event":"Tmp dir root location: /tmp","logger":"airflow.task.hooks.airflow.providers.standard.hooks.subprocess.SubprocessHook"}
{"timestamp":"2025-09-01T23:52:39.071603","level":"info","event":"Running command: ['/usr/bin/bash', '-c', '\\n\\n    echo \"2025-09-01\"\\n    echo \"2025-09-08\"\\n\\n    echo \"2025-09-01\"\\n    echo \"2025-09-08\"\\n\\n    echo \"2025-09-01\"\\n    echo \"2025-09-08\"\\n\\n    echo \"2025-09-01\"\\n    echo \"2025-09-08\"\\n\\n    echo \"2025-09-01\"\\n    echo \"2025-09-08\"\\n']","logger":"airflow.task.hooks.airflow.providers.standard.hooks.subprocess.SubprocessHook"}
{"timestamp":"2025-09-01T23:52:39.084163","level":"info","event":"Output:","logger":"airflow.task.hooks.airflow.providers.standard.hooks.subprocess.SubprocessHook"}
{"timestamp":"2025-09-01T23:52:39.085986","level":"info","event":"2025-09-01","logger":"airflow.task.hooks.airflow.providers.standard.hooks.subprocess.SubprocessHook"}
{"timestamp":"2025-09-01T23:52:39.086137","level":"info","event":"2025-09-08","logger":"airflow.task.hooks.airflow.providers.standard.hooks.subprocess.SubprocessHook"}
{"timestamp":"2025-09-01T23:52:39.086222","level":"info","event":"2025-09-01","logger":"airflow.task.hooks.airflow.providers.standard.hooks.subprocess.SubprocessHook"}
{"timestamp":"2025-09-01T23:52:39.086295","level":"info","event":"2025-09-08","logger":"airflow.task.hooks.airflow.providers.standard.hooks.subprocess.SubprocessHook"}
{"timestamp":"2025-09-01T23:52:39.086352","level":"info","event":"2025-09-01","logger":"airflow.task.hooks.airflow.providers.standard.hooks.subprocess.SubprocessHook"}
{"timestamp":"2025-09-01T23:52:39.086405","level":"info","event":"2025-09-08","logger":"airflow.task.hooks.airflow.providers.standard.hooks.subprocess.SubprocessHook"}
{"timestamp":"2025-09-01T23:52:39.086457","level":"info","event":"2025-09-01","logger":"airflow.task.hooks.airflow.providers.standard.hooks.subprocess.SubprocessHook"}
{"timestamp":"2025-09-01T23:52:39.086508","level":"info","event":"2025-09-08","logger":"airflow.task.hooks.airflow.providers.standard.hooks.subprocess.SubprocessHook"}
{"timestamp":"2025-09-01T23:52:39.086557","level":"info","event":"2025-09-01","logger":"airflow.task.hooks.airflow.providers.standard.hooks.subprocess.SubprocessHook"}
{"timestamp":"2025-09-01T23:52:39.086606","level":"info","event":"2025-09-08","logger":"airflow.task.hooks.airflow.providers.standard.hooks.subprocess.SubprocessHook"}
{"timestamp":"2025-09-01T23:52:39.086722","level":"info","event":"Command exited with return code 0","logger":"airflow.task.hooks.airflow.providers.standard.hooks.subprocess.SubprocessHook"}
{"timestamp":"2025-09-01T23:52:39.087341","level":"info","event":"Pushing xcom","ti":"RuntimeTaskInstance(id=UUID('019907b2-6522-74ca-850f-4a39a1580c39'), task_id='templated', dag_id='tutorial', run_id='manual__2025-09-01T23:52:35.860240+00:00', try_number=1, map_index=-1, hostname='b27e74638fed', context_carrier={}, task=<Task(BashOperator): templated>, bundle_instance=LocalDagBundle(name=example_dags), max_tries=1, start_date=datetime.datetime(2025, 9, 1, 23, 52, 38, 565976, tzinfo=datetime.timezone.utc), end_date=None, state=<TaskInstanceState.RUNNING: 'running'>, is_mapped=False, rendered_map_index=None, log_url='http://localhost:8080/dags/tutorial/runs/manual__2025-09-01T23%3A52%3A35.860240%2B00%3A00/tasks/templated?try_number=1')","logger":"task"}
{"timestamp":"2025-09-01T23:52:39.116951Z","level":"info","event":"Task instance in success state","chan":"stdout","logger":"task"}
{"timestamp":"2025-09-01T23:52:39.117335Z","level":"info","event":" Previous state of the Task instance: TaskInstanceState.RUNNING","chan":"stdout","logger":"task"}
{"timestamp":"2025-09-01T23:52:39.117669Z","level":"info","event":"Task operator:<Task(BashOperator): templated>","chan":"stdout","logger":"task"}
